[debug] [2022-06-19T12:20:40.905Z] ----------------------------------------------------------------------
[debug] [2022-06-19T12:20:40.908Z] Command:       C:\Program Files\nodejs\node.exe C:\Users\Amit_6268\AppData\Roaming\npm\node_modules\firebase-tools\lib\bin\firebase.js login
[debug] [2022-06-19T12:20:40.908Z] CLI Version:   11.1.0
[debug] [2022-06-19T12:20:40.909Z] Platform:      win32
[debug] [2022-06-19T12:20:40.909Z] Node Version:  v16.13.2
[debug] [2022-06-19T12:20:40.910Z] Time:          Sun Jun 19 2022 17:50:40 GMT+0530 (India Standard Time)
[debug] [2022-06-19T12:20:40.910Z] ----------------------------------------------------------------------
[debug] 
[info] i  Firebase optionally collects CLI usage and error reporting information to help improve our products. Data is collected in accordance with Google's privacy policy (https://policies.google.com/privacy) and is not used to identify you.
 
[info] 
[info] Visit this URL on this device to log in:
[info] https://accounts.google.com/o/oauth2/auth?client_id=563584335869-fgrhgmd47bqnekij5i8b5pr03ho849e6.apps.googleusercontent.com&scope=email%20openid%20https%3A%2F%2Fwww.googleapis.com%2Fauth%2Fcloudplatformprojects.readonly%20https%3A%2F%2Fwww.googleapis.com%2Fauth%2Ffirebase%20https%3A%2F%2Fwww.googleapis.com%2Fauth%2Fcloud-platform&response_type=code&state=863983990&redirect_uri=http%3A%2F%2Flocalhost%3A9005
[info] 
[info] Waiting for authentication...
[debug] [2022-06-19T12:21:15.308Z] >>> [apiv2][query] POST https://auth.firebase.tools/attest [none]
[debug] [2022-06-19T12:21:15.308Z] >>> [apiv2][body] POST https://auth.firebase.tools/attest {"session_id":"04337f23-b064-45f3-8716-58b89f62cad4"}
[debug] [2022-06-19T12:21:16.417Z] <<< [apiv2][status] POST https://auth.firebase.tools/attest 200
[debug] [2022-06-19T12:21:16.418Z] <<< [apiv2][body] POST https://auth.firebase.tools/attest {"token":"iWhs_DUNl8r1AlJPuvgdbfaAKECHXtHXaq3l9GRfgLU"}
[info] 
[info] To sign in to the Firebase CLI:
[info] 
[info] 1. Take note of your session ID:
[info] 
[info]    04337
[info] 
[info] 2. Visit the URL below on any device and follow the instructions to get your code:
[info] 
[info]    https://auth.firebase.tools/login?code_challenge=iGBLvnBsIaxu7IxMSbXkn_sNAu1bX-76hfoki3YBx7A&session=04337f23-b064-45f3-8716-58b89f62cad4&attest=iWhs_DUNl8r1AlJPuvgdbfaAKECHXtHXaq3l9GRfgLU
[info] 
[info] 3. Paste or enter the authorization code below once you have it:
[info] 
